{
  "RSpec": {
    "coverage": {
      "/home/communal-banner-7165/tic-tac-toe-rb-online-web-sp-000/lib/tic_tac_toe.rb": [
        1,
        1,
        null,
        1,
        24,
        24,
        24,
        24,
        24,
        null,
        null,
        1,
        23,
        null,
        null,
        1,
        22,
        null,
        null,
        1,
        91,
        null,
        null,
        1,
        23,
        20,
        null,
        3,
        null,
        null,
        null,
        1,
        21,
        21,
        189,
        31,
        null,
        null,
        21,
        null,
        null,
        1,
        20,
        20,
        14,
        null,
        6,
        null,
        null,
        null,
        1,
        20,
        20,
        20,
        20,
        19,
        19,
        null,
        1,
        null,
        null,
        null,
        1,
        42,
        310,
        null,
        null,
        null,
        1,
        22,
        116,
        null,
        null,
        null,
        1,
        23,
        null,
        null,
        1,
        21,
        null,
        null,
        1,
        22,
        148,
        4,
        144,
        3,
        null,
        null,
        null,
        null,
        null,
        1,
        12,
        17,
        null,
        12,
        4,
        8,
        1,
        7,
        7,
        null,
        null,
        null,
        null
      ]
    },
    "timestamp": 1597102977
  }
}
